2022-07-06 17:26:04,674 - instabot version: 0.117.0 (bot) - INFO - Instabot version: 0.117.0 Started
2022-07-06 17:26:04,676 - instabot version: 0.117.0 (bot) - DEBUG - Bot imported from c:\Users\dbansal\AppData\Local\Programs\Python\Python310\lib\site-packages\instabot\bot\bot.py
2022-07-06 17:26:04,677 - instabot version: 0.117.0 (api_login) - INFO - Not yet logged in starting: PRE-LOGIN FLOW!
2022-07-06 17:26:04,971 - instabot version: 0.117.0 (api) - DEBUG - POST to endpoint: accounts/get_prefill_candidates/ returned response: <Response [200]>
2022-07-06 17:26:05,161 - instabot version: 0.117.0 (api) - DEBUG - POST to endpoint: qe/sync/ returned response: <Response [200]>
2022-07-06 17:26:05,319 - instabot version: 0.117.0 (api) - DEBUG - POST to endpoint: launcher/sync/ returned response: <Response [200]>
2022-07-06 17:26:05,503 - instabot version: 0.117.0 (api) - DEBUG - POST to endpoint: accounts/contact_point_prefill/ returned response: <Response [200]>
2022-07-06 17:26:06,955 - instabot version: 0.117.0 (api) - DEBUG - POST to endpoint: accounts/login/ returned response: <Response [400]>
2022-07-06 17:26:06,956 - instabot version: 0.117.0 (api) - DEBUG - Responsecode indicates error; response content: b'{"message":"The password you entered is incorrect. Please try again.","invalid_credentials":true,"error_title":"Incorrect password","buttons":[{"title":"OK","action":"dismiss"}],"status":"fail","error_type":"bad_password"}'
2022-07-06 17:26:06,956 - instabot version: 0.117.0 (api) - ERROR - Request returns 400 error!
2022-07-06 17:26:06,956 - instabot version: 0.117.0 (api) - INFO - Instagram's error message: The password you entered is incorrect. Please try again.
2022-07-06 17:26:06,957 - instabot version: 0.117.0 (api) - INFO - Error type: bad_password
2022-07-06 17:26:06,957 - instabot version: 0.117.0 (api) - ERROR - Failed to login go to instagram and change your password
2022-07-06 17:26:06,958 - instabot version: 0.117.0 (api) - INFO - Username or password is incorrect.
2022-07-06 17:27:09,096 - instabot version: 0.117.0 (bot) - INFO - Instabot version: 0.117.0 Started
2022-07-06 17:27:09,097 - instabot version: 0.117.0 (bot) - DEBUG - Bot imported from c:\Users\dbansal\AppData\Local\Programs\Python\Python310\lib\site-packages\instabot\bot\bot.py
2022-07-06 17:27:09,098 - instabot version: 0.117.0 (api_login) - INFO - Not yet logged in starting: PRE-LOGIN FLOW!
2022-07-06 17:27:09,538 - instabot version: 0.117.0 (api) - DEBUG - POST to endpoint: accounts/get_prefill_candidates/ returned response: <Response [200]>
2022-07-06 17:27:09,764 - instabot version: 0.117.0 (api) - DEBUG - POST to endpoint: qe/sync/ returned response: <Response [200]>
2022-07-06 17:27:09,973 - instabot version: 0.117.0 (api) - DEBUG - POST to endpoint: launcher/sync/ returned response: <Response [200]>
2022-07-06 17:27:10,136 - instabot version: 0.117.0 (api) - DEBUG - POST to endpoint: accounts/contact_point_prefill/ returned response: <Response [200]>
2022-07-06 17:27:11,985 - instabot version: 0.117.0 (api) - DEBUG - POST to endpoint: accounts/login/ returned response: <Response [400]>
2022-07-06 17:27:11,985 - instabot version: 0.117.0 (api) - DEBUG - Responsecode indicates error; response content: b'{"message":"The password you entered is incorrect. Please try again.","invalid_credentials":true,"error_title":"Incorrect password","buttons":[{"title":"OK","action":"dismiss"}],"status":"fail","error_type":"bad_password"}'
2022-07-06 17:27:11,985 - instabot version: 0.117.0 (api) - ERROR - Request returns 400 error!
2022-07-06 17:27:11,985 - instabot version: 0.117.0 (api) - INFO - Instagram's error message: The password you entered is incorrect. Please try again.
2022-07-06 17:27:11,986 - instabot version: 0.117.0 (api) - INFO - Error type: bad_password
2022-07-06 17:27:11,987 - instabot version: 0.117.0 (api) - ERROR - Failed to login go to instagram and change your password
2022-07-06 17:27:11,988 - instabot version: 0.117.0 (api) - INFO - Username or password is incorrect.
